Unity Editor version:    2022.3.51f1 (9f9d16c45e54)
Branch:                  2022.3/staging
Build type:              Release
Batch mode:              YES
macOS version:           Version 15.0.1 (Build 24A348)
Darwin version:          24.0.0
Architecture:            arm64
Running under Rosetta:   NO
Available memory:        16384 MB
Using pre-set license
Pro License: YES

COMMAND LINE ARGUMENTS:
/Applications/Unity/Hub/Editor/2022.3.51f1/Unity.app/Contents/MacOS/Unity
-adb2
-batchMode
-noUpm
-name
AssetImportWorker0
-projectPath
/Users/jayasrisainikithaguthula/visionPro/pendulumVR/SimplePendulum
-logFile
Logs/AssetImportWorker0.log
-srvPort
55879
Successfully changed project path to: /Users/jayasrisainikithaguthula/visionPro/pendulumVR/SimplePendulum
/Users/jayasrisainikithaguthula/visionPro/pendulumVR/SimplePendulum
[UnityMemory] Configuration Parameters - Can be set up in boot.config
    "memorysetup-bucket-allocator-granularity=16"
    "memorysetup-bucket-allocator-bucket-count=8"
    "memorysetup-bucket-allocator-block-size=33554432"
    "memorysetup-bucket-allocator-block-count=8"
    "memorysetup-main-allocator-block-size=16777216"
    "memorysetup-thread-allocator-block-size=16777216"
    "memorysetup-gfx-main-allocator-block-size=16777216"
    "memorysetup-gfx-thread-allocator-block-size=16777216"
    "memorysetup-cache-allocator-block-size=4194304"
    "memorysetup-typetree-allocator-block-size=2097152"
    "memorysetup-profiler-bucket-allocator-granularity=16"
    "memorysetup-profiler-bucket-allocator-bucket-count=8"
    "memorysetup-profiler-bucket-allocator-block-size=33554432"
    "memorysetup-profiler-bucket-allocator-block-count=8"
    "memorysetup-profiler-allocator-block-size=16777216"
    "memorysetup-profiler-editor-allocator-block-size=1048576"
    "memorysetup-temp-allocator-size-main=16777216"
    "memorysetup-job-temp-allocator-block-size=2097152"
    "memorysetup-job-temp-allocator-block-size-background=1048576"
    "memorysetup-job-temp-allocator-reduction-small-platforms=262144"
    "memorysetup-allocator-temp-initial-block-size-main=262144"
    "memorysetup-allocator-temp-initial-block-size-worker=262144"
    "memorysetup-temp-allocator-size-background-worker=32768"
    "memorysetup-temp-allocator-size-job-worker=262144"
    "memorysetup-temp-allocator-size-preload-manager=33554432"
    "memorysetup-temp-allocator-size-nav-mesh-worker=65536"
    "memorysetup-temp-allocator-size-audio-worker=65536"
    "memorysetup-temp-allocator-size-cloud-worker=32768"
    "memorysetup-temp-allocator-size-gi-baking-worker=262144"
    "memorysetup-temp-allocator-size-gfx=262144"
Player connection [8488825408]  Target information:

Player connection [8488825408]  * "[IP] 144.167.222.234 [Port] 0 [Flags] 2 [Guid] 2922701798 [EditorId] 2922701798 [Version] 1048832 [Id] OSXEditor(0,Jayasri-Byte.wifi.ualr.edu) [Debug] 1 [PackageName] OSXEditor [ProjectName] Editor" 

Player connection [8488825408] Host joined multi-casting on [225.0.0.222:54997]...
Player connection [8488825408] Host joined alternative multi-casting on [225.0.0.222:34997]...
[PhysX] Initialized MultithreadedTaskDispatcher with 8 workers.
Refreshing native plugins compatible for Editor in 9.10 ms, found 3 plugins.
Preloading 0 native plugins for Editor in 0.00 ms.
Initialize engine version: 2022.3.51f1 (9f9d16c45e54)
[Subsystems] Discovering subsystems at path /Applications/Unity/Hub/Editor/2022.3.51f1/Unity.app/Contents/Resources/UnitySubsystems
[Subsystems] Discovering subsystems at path /Users/jayasrisainikithaguthula/visionPro/pendulumVR/SimplePendulum/Assets
GfxDevice: creating device client; threaded=0; jobified=0
 preferred device: Apple M2 (high power)
Metal devices available: 1
0: Apple M2 (high power)
Using device Apple M2 (high power)
Initializing Metal device caps: Apple M2
Initialize mono
Mono path[0] = '/Applications/Unity/Hub/Editor/2022.3.51f1/Unity.app/Contents/Managed'
Mono path[1] = '/Applications/Unity/Hub/Editor/2022.3.51f1/Unity.app/Contents/MonoBleedingEdge/lib/mono/unityjit-macos'
Mono config path = '/Applications/Unity/Hub/Editor/2022.3.51f1/Unity.app/Contents/MonoBleedingEdge/etc'
Using monoOptions --debugger-agent=transport=dt_socket,embedding=1,server=y,suspend=n,address=127.0.0.1:56471
Begin MonoManager ReloadAssembly
Registering precompiled unity dll's ...
Register platform support module: /Applications/Unity/Hub/Editor/2022.3.51f1/Unity.app/Contents/PlaybackEngines/MacStandaloneSupport/UnityEditor.OSXStandalone.Extensions.dll
Register platform support module: /Applications/Unity/Hub/Editor/2022.3.51f1/PlaybackEngines/iOSSupport/UnityEditor.iOS.Extensions.dll
Register platform support module: /Applications/Unity/Hub/Editor/2022.3.51f1/PlaybackEngines/VisionOSPlayer/UnityEditor.VisionOS.Extensions.dll
Registered in 0.006346 seconds.
- Loaded All Assemblies, in  0.358 seconds
[usbmuxd] Start listen thread
[usbmuxd] Listen thread started
[usbmuxd] Send listen message
Native extension for VisionOS target not found
objc[63471]: Class XcodeScriptingDelegate is implemented in both /Applications/Unity/Hub/Editor/2022.3.51f1/PlaybackEngines/VisionOSPlayer/arm64/UnityEditor.VisionOS.Native.dylib (0x17d1e05c8) and /Applications/Unity/Hub/Editor/2022.3.51f1/PlaybackEngines/iOSSupport/arm64/UnityEditor.iOS.Native.dylib (0x17d3245c8). One of the two will be used. Which one is undefined.
[usbmuxd] Start listen thread
[usbmuxd] Listen thread started
[usbmuxd] Send listen message
Native extension for iOS target not found
Native extension for OSXStandalone target not found
Mono: successfully reloaded assembly
- Finished resetting the current domain, in  0.332 seconds
Domain Reload Profiling: 690ms
	BeginReloadAssembly (93ms)
		ExecutionOrderSort (0ms)
		DisableScriptedObjects (0ms)
		BackupInstance (0ms)
		ReleaseScriptingObjects (0ms)
		CreateAndSetChildDomain (1ms)
	RebuildCommonClasses (34ms)
	RebuildNativeTypeToScriptingClass (12ms)
	initialDomainReloadingComplete (54ms)
	LoadAllAssembliesAndSetupDomain (165ms)
		LoadAssemblies (94ms)
		RebuildTransferFunctionScriptingTraits (0ms)
		AnalyzeDomain (162ms)
			TypeCache.Refresh (161ms)
				TypeCache.ScanAssembly (145ms)
			ScanForSourceGeneratedMonoScriptInfo (0ms)
			ResolveRequiredComponents (0ms)
	FinalizeReload (333ms)
		ReleaseScriptCaches (0ms)
		RebuildScriptCaches (0ms)
		SetupLoadedEditorAssemblies (281ms)
			LogAssemblyErrors (0ms)
			InitializePlatformSupportModulesInManaged (87ms)
			SetLoadedEditorAssemblies (5ms)
			RefreshPlugins (0ms)
			BeforeProcessingInitializeOnLoad (2ms)
			ProcessInitializeOnLoadAttributes (144ms)
			ProcessInitializeOnLoadMethodAttributes (43ms)
			AfterProcessingInitializeOnLoad (0ms)
			EditorAssembliesLoaded (0ms)
		ExecutionOrderSort2 (0ms)
		AwakeInstancesAfterBackupRestoration (0ms)
========================================================================
Worker process is ready to serve import requests
Caller must complete domain reload
Begin MonoManager ReloadAssembly
- Loaded All Assemblies, in  0.620 seconds
Native extension for VisionOS target not found
Native extension for iOS target not found
Native extension for OSXStandalone target not found
Package Manager log level set to [2]
[Package Manager] Server::EnsureServerProcessIsRunning -- launch failed, reason: Unity was launched with the -noUpm command-line argument
[Package Manager] UpmClient::Send -- Unable to send message (not connected to UPM process).
[Package Manager] Cannot connect to Unity Package Manager local server
[Package Manager] Server::EnsureServerProcessIsRunning -- launch failed, reason: Unity was launched with the -noUpm command-line argument
[Package Manager] UpmClient::Send -- Unable to send message (not connected to UPM process).
[Package Manager] Cannot connect to Unity Package Manager local server
Mono: successfully reloaded assembly
[Package Manager] Server::EnsureServerProcessIsRunning -- launch failed, reason: Unity was launched with the -noUpm command-line argument
[Package Manager] UpmClient::Send -- Unable to send message (not connected to UPM process).
[Package Manager] Cannot connect to Unity Package Manager local server
[Package Manager] Server::EnsureServerProcessIsRunning -- launch failed, reason: Unity was launched with the -noUpm command-line argument
[Package Manager] UpmClient::Send -- Unable to send message (not connected to UPM process).
[Package Manager] Cannot connect to Unity Package Manager local server
- Finished resetting the current domain, in  0.796 seconds
Domain Reload Profiling: 1417ms
	BeginReloadAssembly (107ms)
		ExecutionOrderSort (0ms)
		DisableScriptedObjects (5ms)
		BackupInstance (0ms)
		ReleaseScriptingObjects (0ms)
		CreateAndSetChildDomain (27ms)
	RebuildCommonClasses (36ms)
	RebuildNativeTypeToScriptingClass (12ms)
	initialDomainReloadingComplete (32ms)
	LoadAllAssembliesAndSetupDomain (433ms)
		LoadAssemblies (250ms)
		RebuildTransferFunctionScriptingTraits (0ms)
		AnalyzeDomain (225ms)
			TypeCache.Refresh (199ms)
				TypeCache.ScanAssembly (177ms)
			ScanForSourceGeneratedMonoScriptInfo (18ms)
			ResolveRequiredComponents (7ms)
	FinalizeReload (797ms)
		ReleaseScriptCaches (0ms)
		RebuildScriptCaches (0ms)
		SetupLoadedEditorAssemblies (637ms)
			LogAssemblyErrors (0ms)
			InitializePlatformSupportModulesInManaged (24ms)
			SetLoadedEditorAssemblies (4ms)
			RefreshPlugins (0ms)
			BeforeProcessingInitializeOnLoad (68ms)
			ProcessInitializeOnLoadAttributes (510ms)
			ProcessInitializeOnLoadMethodAttributes (29ms)
			AfterProcessingInitializeOnLoad (1ms)
			EditorAssembliesLoaded (0ms)
		ExecutionOrderSort2 (0ms)
		AwakeInstancesAfterBackupRestoration (5ms)
Launching external process: /Applications/Unity/Hub/Editor/2022.3.51f1/Unity.app/Contents/Tools/UnityShaderCompiler
Launched and connected shader compiler UnityShaderCompiler after 0.04 seconds
Refreshing native plugins compatible for Editor in 1.39 ms, found 3 plugins.
Preloading 0 native plugins for Editor in 0.00 ms.
Unloading 4430 Unused Serialized files (Serialized files now loaded: 0)
Unloading 33 unused Assets / (1.9 MB). Loaded Objects now: 4895.
Memory consumption went from 158.5 MB to 156.6 MB.
Total: 4.375083 ms (FindLiveObjects: 0.166917 ms CreateObjectMapping: 0.098500 ms MarkObjects: 3.356291 ms  DeleteObjects: 0.752708 ms)

AssetImportParameters requested are different than current active one (requested -> active):
  custom:container-demuxer-ogg: 62fdf1f143b41e24485cea50d1cbac27 -> 
  custom:video-decoder-ogg-theora: a1e56fd34408186e4bbccfd4996cb3dc -> 
  custom:CustomObjectIndexerAttribute: 9a22284fe3817be447336de3de66b15e -> 
  custom:container-demuxer-webm: 4f35f7cbe854078d1ac9338744f61a02 -> 
  custom:container-muxer-webm: aa71ff27fc2769a1b78a27578f13a17b -> 
  custom:video-decoder-webm-vp8: 9c59270c3fd7afecdb556c50c9e8de78 -> 
  custom:SearchIndexIgnoredProperties: e643bd26f0fe6173181afceb89e7c659 -> 
  custom:AudioImporter_EditorPlatform: 3918e3fc78b5a79bad01e8451be0beb8 -> 
  custom:framework-osx-AVFoundation: e770b220cccbd017edd2c1fefb359320 -> 
  custom:video-encoder-webm-vp8: eb34c28f22e8b96e1ab97ce403110664 -> 
  custom:audio-decoder-ogg-vorbis: bf7c407c2cedff20999df2af8eb42d56 -> 
  custom:audio-encoder-webm-vorbis: bf7c407c2cedff20999df2af8eb42d56 -> 
========================================================================
Received Import Request.
  Time since last request: 200037.562446 seconds.
  path: Packages/com.unity.xr.management/package.json
  artifactKey: Guid(a8437ae6df3ab4de78c661f8e1148bbb) Importer(815301076,1909f56bfc062723c751e8b465ee728b)
Start importing Packages/com.unity.xr.management/package.json using Guid(a8437ae6df3ab4de78c661f8e1148bbb) Importer(815301076,1909f56bfc062723c751e8b465ee728b) [PhysX] Initialized MultithreadedTaskDispatcher with 8 workers.
 -> (artifact id: 'dc35e1b59a021a81bcd9710a06cf6a65') in 0.013736 seconds
Number of updated asset objects reloaded before import = 0
Number of asset objects unloaded after import = 1
========================================================================
Received Import Request.
  Time since last request: 6.272629 seconds.
  path: Packages/com.unity.xr.management/xrmanifest.androidlib
  artifactKey: Guid(8443d3621b17161459d890b196695db3) Importer(815301076,1909f56bfc062723c751e8b465ee728b)
Start importing Packages/com.unity.xr.management/xrmanifest.androidlib using Guid(8443d3621b17161459d890b196695db3) Importer(815301076,1909f56bfc062723c751e8b465ee728b) [PhysX] Initialized MultithreadedTaskDispatcher with 8 workers.
 -> (artifact id: '2d883afa52d19d1715ce0e9508672e61') in 0.000734 seconds
Number of updated asset objects reloaded before import = 0
Number of asset objects unloaded after import = 1
========================================================================
Received Import Request.
  Time since last request: 17.850640 seconds.
  path: Packages/com.unity.xr.management/README.md
  artifactKey: Guid(88d2132b5a4df4c659790dc2260104b3) Importer(815301076,1909f56bfc062723c751e8b465ee728b)
Start importing Packages/com.unity.xr.management/README.md using Guid(88d2132b5a4df4c659790dc2260104b3) Importer(815301076,1909f56bfc062723c751e8b465ee728b) [PhysX] Initialized MultithreadedTaskDispatcher with 8 workers.
 -> (artifact id: '599e49131be16c2cf8b691a87e7927c7') in 0.000611 seconds
Number of updated asset objects reloaded before import = 0
Number of asset objects unloaded after import = 1
========================================================================
Received Import Request.
  Time since last request: 2.481034 seconds.
  path: Packages/com.unity.timeline/package.json
  artifactKey: Guid(13a9c1b4df2e489e8eb9cacca7429596) Importer(815301076,1909f56bfc062723c751e8b465ee728b)
Start importing Packages/com.unity.timeline/package.json using Guid(13a9c1b4df2e489e8eb9cacca7429596) Importer(815301076,1909f56bfc062723c751e8b465ee728b) [PhysX] Initialized MultithreadedTaskDispatcher with 8 workers.
 -> (artifact id: 'd9a57b3b742cd57af294623ac9da8aaf') in 0.001163 seconds
Number of updated asset objects reloaded before import = 0
Number of asset objects unloaded after import = 1
========================================================================
Received Import Request.
  Time since last request: 1.320323 seconds.
  path: Packages/com.unity.xr.arfoundation/Assets/Prefabs/AnchorTransform.prefab
  artifactKey: Guid(779f5eab1277241d6b58ee2c44909b20) Importer(815301076,1909f56bfc062723c751e8b465ee728b)
Start importing Packages/com.unity.xr.arfoundation/Assets/Prefabs/AnchorTransform.prefab using Guid(779f5eab1277241d6b58ee2c44909b20) Importer(815301076,1909f56bfc062723c751e8b465ee728b) [PhysX] Initialized MultithreadedTaskDispatcher with 8 workers.
[PhysX] Initialized MultithreadedTaskDispatcher with 8 workers.
 -> (artifact id: '91fa3f98eadb1a653b30a8f2f1a5affc') in 0.177850 seconds
Number of updated asset objects reloaded before import = 0
Number of asset objects unloaded after import = 27
========================================================================
Received Import Request.
  Time since last request: 0.000041 seconds.
  path: Packages/com.unity.xr.arfoundation/Assets/Prefabs/DebugMenu.prefab
  artifactKey: Guid(ef3886a9667424aedaa5b3b3e1285dbb) Importer(815301076,1909f56bfc062723c751e8b465ee728b)
Start importing Packages/com.unity.xr.arfoundation/Assets/Prefabs/DebugMenu.prefab using Guid(ef3886a9667424aedaa5b3b3e1285dbb) Importer(815301076,1909f56bfc062723c751e8b465ee728b) [PhysX] Initialized MultithreadedTaskDispatcher with 8 workers.
 -> (artifact id: 'f68f306ae98d170f286d8d24d376d72c') in 0.029265 seconds
Number of updated asset objects reloaded before import = 0
Number of asset objects unloaded after import = 408
========================================================================
Received Import Request.
  Time since last request: 0.000058 seconds.
  path: Packages/com.unity.xr.arfoundation/Assets/Prefabs/DebugLineRenderer.prefab
  artifactKey: Guid(6a8d857d8706540509e4fcd02ea92f74) Importer(815301076,1909f56bfc062723c751e8b465ee728b)
Start importing Packages/com.unity.xr.arfoundation/Assets/Prefabs/DebugLineRenderer.prefab using Guid(6a8d857d8706540509e4fcd02ea92f74) Importer(815301076,1909f56bfc062723c751e8b465ee728b) [PhysX] Initialized MultithreadedTaskDispatcher with 8 workers.
[PhysX] Initialized MultithreadedTaskDispatcher with 8 workers.
 -> (artifact id: 'd39b768f87bed030754dc7b827c743c9') in 0.079818 seconds
Number of updated asset objects reloaded before import = 0
Number of asset objects unloaded after import = 5
========================================================================
Received Import Request.
  Time since last request: 0.000126 seconds.
  path: Packages/com.unity.xr.legacyinputhelpers/Prefabs/XRRig.prefab
  artifactKey: Guid(c116b7497ab8ca34c9188965d4295e27) Importer(815301076,1909f56bfc062723c751e8b465ee728b)
Start importing Packages/com.unity.xr.legacyinputhelpers/Prefabs/XRRig.prefab using Guid(c116b7497ab8ca34c9188965d4295e27) Importer(815301076,1909f56bfc062723c751e8b465ee728b) [PhysX] Initialized MultithreadedTaskDispatcher with 8 workers.
 -> (artifact id: '3d8a1a4d0a7c72f4cbb39f78ddf454a5') in 0.003689 seconds
Number of updated asset objects reloaded before import = 0
Number of asset objects unloaded after import = 11
========================================================================
Received Import Request.
  Time since last request: 0.000053 seconds.
  path: Packages/com.unity.xr.arfoundation/Assets/Prefabs/OriginTransform.prefab
  artifactKey: Guid(78be84f5d3a3c41f9ab0093b3f712a4e) Importer(815301076,1909f56bfc062723c751e8b465ee728b)
Start importing Packages/com.unity.xr.arfoundation/Assets/Prefabs/OriginTransform.prefab using Guid(78be84f5d3a3c41f9ab0093b3f712a4e) Importer(815301076,1909f56bfc062723c751e8b465ee728b) [PhysX] Initialized MultithreadedTaskDispatcher with 8 workers.
[PhysX] Initialized MultithreadedTaskDispatcher with 8 workers.
 -> (artifact id: 'acac52bbfd267acff0cfafbbed31a153') in 0.013993 seconds
Number of updated asset objects reloaded before import = 0
Number of asset objects unloaded after import = 40
========================================================================
Received Import Request.
  Time since last request: 1.458065 seconds.
  path: Packages/com.unity.xr.arfoundation/Assets/Prefabs/Handles.fbx
  artifactKey: Guid(405ff1b6d34178a4a987fc2f6908a1f3) Importer(815301076,1909f56bfc062723c751e8b465ee728b)
Start importing Packages/com.unity.xr.arfoundation/Assets/Prefabs/Handles.fbx using Guid(405ff1b6d34178a4a987fc2f6908a1f3) Importer(815301076,1909f56bfc062723c751e8b465ee728b) [PhysX] Initialized MultithreadedTaskDispatcher with 8 workers.
[PhysX] Initialized MultithreadedTaskDispatcher with 8 workers.
[PhysX] Initialized MultithreadedTaskDispatcher with 8 workers.
[PhysX] Initialized MultithreadedTaskDispatcher with 8 workers.
[PhysX] Initialized MultithreadedTaskDispatcher with 8 workers.
[PhysX] Initialized MultithreadedTaskDispatcher with 8 workers.
[PhysX] Initialized MultithreadedTaskDispatcher with 8 workers.
[PhysX] Initialized MultithreadedTaskDispatcher with 8 workers.
[PhysX] Initialized MultithreadedTaskDispatcher with 8 workers.
[PhysX] Initialized MultithreadedTaskDispatcher with 8 workers.
[PhysX] Initialized MultithreadedTaskDispatcher with 8 workers.
[PhysX] Initialized MultithreadedTaskDispatcher with 8 workers.
[PhysX] Initialized MultithreadedTaskDispatcher with 8 workers.
[PhysX] Initialized MultithreadedTaskDispatcher with 8 workers.
[PhysX] Initialized MultithreadedTaskDispatcher with 8 workers.
[PhysX] Initialized MultithreadedTaskDispatcher with 8 workers.
[PhysX] Initialized MultithreadedTaskDispatcher with 8 workers.
 -> (artifact id: 'd4a6e5b2f9e42ae8ca64d74e0ecaaee4') in 0.408467 seconds
Number of updated asset objects reloaded before import = 0
Number of asset objects unloaded after import = 34
========================================================================
Received Prepare
Caller must complete domain reload
Begin MonoManager ReloadAssembly
Thread 0x30f02f000 may have been prematurely finalized
- Loaded All Assemblies, in  0.429 seconds
Native extension for VisionOS target not found
Native extension for iOS target not found
Native extension for OSXStandalone target not found
[Package Manager] Server::EnsureServerProcessIsRunning -- launch failed, reason: Unity was launched with the -noUpm command-line argument
[Package Manager] UpmClient::Send -- Unable to send message (not connected to UPM process).
[Package Manager] Cannot connect to Unity Package Manager local server
[Package Manager] Server::EnsureServerProcessIsRunning -- launch failed, reason: Unity was launched with the -noUpm command-line argument
[Package Manager] UpmClient::Send -- Unable to send message (not connected to UPM process).
[Package Manager] Cannot connect to Unity Package Manager local server
Mono: successfully reloaded assembly
[Package Manager] Server::EnsureServerProcessIsRunning -- launch failed, reason: Unity was launched with the -noUpm command-line argument
[Package Manager] UpmClient::Send -- Unable to send message (not connected to UPM process).
[Package Manager] Cannot connect to Unity Package Manager local server
- Finished resetting the current domain, in  1.113 seconds
Domain Reload Profiling: 1541ms
	BeginReloadAssembly (126ms)
		ExecutionOrderSort (0ms)
		DisableScriptedObjects (3ms)
		BackupInstance (0ms)
		ReleaseScriptingObjects (0ms)
		CreateAndSetChildDomain (46ms)
	RebuildCommonClasses (35ms)
	RebuildNativeTypeToScriptingClass (12ms)
	initialDomainReloadingComplete (20ms)
	LoadAllAssembliesAndSetupDomain (236ms)
		LoadAssemblies (231ms)
		RebuildTransferFunctionScriptingTraits (0ms)
		AnalyzeDomain (52ms)
			TypeCache.Refresh (23ms)
				TypeCache.ScanAssembly (12ms)
			ScanForSourceGeneratedMonoScriptInfo (17ms)
			ResolveRequiredComponents (11ms)
	FinalizeReload (1113ms)
		ReleaseScriptCaches (0ms)
		RebuildScriptCaches (0ms)
		SetupLoadedEditorAssemblies (487ms)
			LogAssemblyErrors (0ms)
			InitializePlatformSupportModulesInManaged (22ms)
			SetLoadedEditorAssemblies (4ms)
			RefreshPlugins (0ms)
			BeforeProcessingInitializeOnLoad (63ms)
			ProcessInitializeOnLoadAttributes (377ms)
			ProcessInitializeOnLoadMethodAttributes (20ms)
			AfterProcessingInitializeOnLoad (1ms)
			EditorAssembliesLoaded (0ms)
		ExecutionOrderSort2 (0ms)
		AwakeInstancesAfterBackupRestoration (4ms)
Refreshing native plugins compatible for Editor in 1.89 ms, found 3 plugins.
Preloading 0 native plugins for Editor in 0.00 ms.
Unloading 4906 Unused Serialized files (Serialized files now loaded: 0)
Unloading 31 unused Assets / (1.7 MB). Loaded Objects now: 5437.
Memory consumption went from 175.9 MB to 174.1 MB.
Total: 4.525541 ms (FindLiveObjects: 0.224083 ms CreateObjectMapping: 0.104125 ms MarkObjects: 3.502333 ms  DeleteObjects: 0.694459 ms)

Prepare: number of updated asset objects reloaded= 0
AssetImportParameters requested are different than current active one (requested -> active):
  custom:scripting/monoscript/fileName/ARGestureInteractor.deprecated.cs: 4fe49ad6bee732a45b9db9c12c414e12 -> 
  custom:scripting/monoscript/fileName/XRControllerState.deprecated.cs: 3c5f111dace4c4b40753015a45a1a66d -> 
  custom:scripting/monoscript/fileName/ARRotationInteractable.deprecated.cs: ff083a1113a2dccb5f09689f6e1f7637 -> 
  custom:scripting/monoscript/fileName/XRDirectInteractorEditor.cs: 3e929e0574c47b45a522175fe2edc2ad -> 
  custom:scripting/monoscript/fileName/PokeThresholdDatumPropertyDrawer.cs: b6f4e12f1f0d2ca8a702d8355142966b -> 
  custom:scripting/monoscript/fileName/GrabMoveProvider.deprecated.cs: 90647cc400823b41df847a6cbfc29026 -> 
  custom:scripting/monoscript/fileName/LocomotionSystem.cs: e58a65db3c476f6a7f35cc3e24cec9ca -> 
  custom:scripting/monoscript/fileName/FollowPresetDatumPropertyDrawer.cs: 3d347b12cab18fd255235e256de611e9 -> 
  custom:scripting/monoscript/fileName/GestureRecognizer.deprecated.cs: 90647cc400823b41df847a6cbfc29026 -> 
  custom:scripting/monoscript/fileName/IXRRayProvider.cs: 6b829834d2fcbee7f34528163b717f97 -> 
  custom:scripting/monoscript/fileName/QuaternionTweenableVariable.cs: 3eeca9e5910af48a4287cfdfac8d60d8 -> 
  custom:scripting/monoscript/fileName/GrabMoveProvider.cs: 81622fafd190504210b058480cc37db8 -> 
  custom:scripting/monoscript/fileName/PokeThresholdData.cs: 7f8bf488f8d1eae1fce1476741fae16d -> 
  custom:scripting/monoscript/fileName/ScreenSpacePinchScaleInput.cs: 3e8824da5eb27b4fc8d02a55ea2165f4 -> 
  custom:scripting/monoscript/fileName/CanFocusMultipleAttribute.cs: f3013377334085a1b02a37e3c01ef181 -> 
  custom:scripting/monoscript/fileName/XRInputTrackingAggregator.cs: c9219d437da7b7315260ba670aaa9c85 -> 
  custom:scripting/monoscript/fileName/XRMovableBody.cs: 79419ae26c316c1e8772d5e54f05627b -> 
  custom:scripting/monoscript/fileName/BaseAsyncAffordanceStateReceiver.cs: 90647cc400823b41df847a6cbfc29026 -> 
  custom:scripting/monoscript/fileName/BaseTeleportationInteractableEditor.cs: 58f1637b58711d29d6bae96cee0c644d -> 
  custom:scripting/monoscript/fileName/ActionBasedSnapTurnProvider.cs: 3a8d7cf55b0e7d3439682058fe86ad6e -> 
  custom:scripting/monoscript/fileName/XRController.cs: f915c2c66b01fbe9ef4978b961512634 -> 
  custom:scripting/monoscript/fileName/XRGrabInteractableEditor.cs: d65e25bff9aff38382555b6be62df2c7 -> 
  custom:scripting/monoscript/fileName/XRGazeInteractorEditor.cs: 8682fad582a5a11ffc7e2a3e8a86c4ec -> 
  custom:scripting/monoscript/fileName/IXRFocusInteractable.cs: 2366dd6dda6ce283b52f05cc73a49d0f -> 
  custom:scripting/monoscript/fileName/XRDeviceSimulator.cs: d6669cca22e9c3ebd9c9a7693cb4d344 -> 
  custom:scripting/monoscript/fileName/XRDualGrabFreeTransformerEditor.cs: d8c3b2bd7ffc1c8d4b0da3679a3e46d0 -> 
  custom:container-demuxer-ogg: 62fdf1f143b41e24485cea50d1cbac27 -> 
  custom:scripting/monoscript/fileName/TeleportationMultiAnchorVolume.cs: 6a372d3d5500fd8e1e6fd13c3962868b -> 
  custom:scripting/monoscript/fileName/IXRInteractionGroup.cs: bb1ce958de9615d56cee60e26500673e -> 
  custom:scripting/monoscript/fileName/ARScaleInteractable.deprecated.cs: e3bc2e81e4d95c8f1269a26d269f5b19 -> 
  custom:scripting/monoscript/fileName/XRHelpURLConstants.deprecated.cs: 7a5beb455c744c93847a166db6e29e55 -> 
  custom:scripting/monoscript/fileName/XRInteractableAffordanceStateProvider.cs: 330b909afdfb2023f8b66179a46958f6 -> 
  custom:scripting/monoscript/fileName/InteractionCasterBase.cs: 3eeb23ad0cd29540a603965668a8bfaa -> 
  custom:scripting/monoscript/fileName/SphereInteractionCaster.cs: d2a3b6d651f9458d42336a2f59e5c2fa -> 
  custom:scripting/monoscript/fileName/IXRInteractionStrengthFilter.cs: 0934e56af4d0394df5ff032f070184d1 -> 
  custom:scripting/monoscript/fileName/CurveVisualControllerEditor.cs: f008c7a0487d8c0fa09e2f3110803777 -> 
  custom:scripting/monoscript/fileName/IXRSelectInteractable.cs: a0d0ff8d6c2a8e32ae7e2b862aa0ce94 -> 
  custom:scripting/monoscript/fileName/XRSimulatedHandState.cs: 6301e2b69347b657eb67ea0fc2a541d1 -> 
  custom:scripting/monoscript/fileName/AffordanceStateShortcuts.cs: e2071b4c188327ad25586ae27274ad4f -> 
  custom:scripting/monoscript/fileName/ProjectPath.cs: 4412bfc8301793f386bd4d06a391102a -> 2007f972d3a73eeb86dfe05e849c7f69
  custom:scripting/monoscript/fileName/PackageManagerEditorHelper.cs: 55c68bab017fb629836b2a33cd11da13 -> 
  custom:scripting/monoscript/fileName/XRInteractionToolkitSettingsProvider.cs: 466af331d9c5ba6c063b3d7ed5c4b10d -> 
  custom:scripting/monoscript/fileName/XRGrabInteractable.deprecated.cs: 90647cc400823b41df847a6cbfc29026 -> 
  custom:scripting/monoscript/fileName/FallbackComposite.cs: f31f49c40db5e68e461aeb74573ac33b -> 
  custom:scripting/monoscript/fileName/IXRHoverInteractable.cs: 59410c4e07af826bec6207fa4018da2e -> 
  custom:scripting/monoscript/fileName/TrackedDeviceEventData.cs: 38a4161369ac08076197ffcfc1aa9721 -> 
  custom:scripting/monoscript/fileName/IARInteractor.cs: 845ca65e372af4298092e3255273e9ac -> 
  custom:scripting/monoscript/fileName/ClimbInteractableEditor.cs: 6c2dc1cb71cc7f9f68b21c9bab9e9753 -> 
  custom:scripting/monoscript/fileName/IAffordanceStateReceiver.cs: 315f857466a4c1b4f032b74f2b8a5bbb -> 
  custom:scripting/monoscript/fileName/TeleportationAnchorEditor.cs: 986c41daad44dc75ec02f95677585d1b -> 
  custom:scripting/monoscript/fileName/XRDeviceSimulatorEditor.cs: bbde6d4cde983f79176c9e2a131f742c -> 
  custom:scripting/monoscript/fileName/DisposableManagerSingleton.cs: a23d0b043813b455c0f1bb71fe00bd6a -> 
  custom:scripting/monoscript/fileName/IXRInteractable.cs: fd58266bd2fa074f543c95e7e0baa9b0 -> 
  custom:scripting/monoscript/fileName/PositionHandleUtility.cs: bc3b28f4105d0bac78ec44b0701a40aa -> 
  custom:scripting/monoscript/fileName/XRInteractablesTreeView.cs: d1bc48303affbf0fed215335ba13ca4e -> 
  custom:scripting/monoscript/fileName/Vector4AffordanceReceiver.cs: 4bad121e84ee6ac750103ad2c7fb319c -> 
  custom:scripting/monoscript/fileName/XRInteractionEvents.cs: f747a38db15f2b047f3b0e815127369f -> 
  custom:scripting/monoscript/fileName/XRInputDeviceFloatValueReader.cs: 3ee4bed69b3b4f1d14f5d5c29106dad1 -> 
  custom:scripting/monoscript/fileName/FurthestTeleportationAnchorFilter.cs: 170d136e43aef5ba82c52779bdb89248 -> 
  custom:scripting/monoscript/fileName/IXRSelectFilter.cs: 2e38231bb7796f816ab3fe82bc78c572 -> 
  custom:scripting/monoscript/fileName/FloatMaterialPropertyAffordanceReceiver.cs: 8f0f362be917bb54eda2683129f9f4fe -> 
  custom:scripting/monoscript/fileName/XRInputDeviceValueReader.cs: 53889b827785a1b3a8bec7d70687e65e -> 
  custom:scripting/monoscript/fileName/CharacterControllerDriver.cs: eb10d52d113d0779e9c0811a44654605 -> 
  custom:scripting/monoscript/fileName/NearFarInteractor.cs: 806c53015842e664410c77ecc150d1c1 -> 
  custom:video-decoder-ogg-theora: a1e56fd34408186e4bbccfd4996cb3dc -> 
  custom:scripting/monoscript/fileName/RequireInterfaceDrawer.cs: fe1b27d9bb0fc15b545bc4f9b3d0fcc3 -> 
  custom:scripting/monoscript/fileName/IXRHapticImpulseProvider.cs: 0581217f492533c19c1eea540208d4c6 -> 
  custom:scripting/monoscript/fileName/InputFeatureUsageStringPropertyDrawer.cs: 97e72bb1cd615fd4f000991e1dfd3e2f -> 
  custom:scripting/monoscript/fileName/XRInteractionEditorSettings.cs: b5e3e022d7b3d4d14e9496d9ffc06f24 -> 
  custom:scripting/monoscript/fileName/TeleportingEventArgs.cs: d304775cffbaad73c94f31465bace56d -> 
  custom:scripting/monoscript/fileName/XRInputDeviceHapticImpulseChannelGroup.cs: e5ed4ca063ba0f597e247ff7d2002bbc -> 
  custom:scripting/monoscript/fileName/CompactPropertyControl.cs: 4309839fe1d7c3521e96630f35bec8bd -> 
  custom:scripting/monoscript/fileName/XRControllerRecorder.deprecated.cs: 90647cc400823b41df847a6cbfc29026 -> 
  custom:scripting/monoscript/fileName/XRBaseInteractor.deprecated.cs: 90647cc400823b41df847a6cbfc29026 -> 
  custom:scripting/monoscript/fileName/XRBodyTransformer.cs: dc90e8270ab06c5f7afcd5788c6f7f76 -> 
  custom:scripting/monoscript/fileName/IXRFilterList.cs: 90647cc400823b41df847a6cbfc29026 -> 
  custom:scripting/monoscript/fileName/AffordanceStateData.cs: d1d62b8d8e696751af0c4edf7ce63e15 -> 
  custom:scripting/monoscript/fileName/ICurveInteractionDataProvider.cs: 2b50277ea0b72f3012bc9c2bce13ffd2 -> 
  custom:scripting/monoscript/fileName/TriggerContactMonitor.cs: 5308012c85bc61918668d060d694b733 -> 
  custom:scripting/monoscript/fileName/EventMigrationUtility.deprecated.cs: b0f8f6f94922a3423f0465a6c535b03a -> 
  custom:scripting/monoscript/fileName/XRBaseInputReaderPropertyDrawer.cs: 0cdf409b5aa8d4c25876d72b5c6a3b60 -> 
  custom:scripting/monoscript/fileName/IXRInteractableCustomReticle.cs: b65b582d5238ac497ab33ea61faa836c -> 
  custom:scripting/monoscript/fileName/TrackedDeviceGraphicRaycaster.cs: ffe9bcf3f7fba82499d72bbf2d369f51 -> 
  custom:scripting/monoscript/fileName/IXRHapticImpulseChannel.cs: 2824884e0fd44c8c3264de9dc1304263 -> 
  custom:scripting/monoscript/fileName/IXRSelectInteractor.cs: 48a5b6b711ede02a6733d443a0b65baf -> 
  custom:scripting/monoscript/fileName/XRDualGrabFreeTransformer.cs: 4e901a878945b07d92064dd582f2c902 -> 
  custom:scripting/monoscript/fileName/XRRayInteractorEditor.deprecated.cs: 0cdf409b5aa8d4c25876d72b5c6a3b60 -> 
  custom:scripting/monoscript/fileName/XRInteractionGroup.cs: 3a8383c1729dfe3088d317a2baa52529 -> 
  custom:scripting/monoscript/fileName/ColorTweenJob.cs: 49cdb9b9003c5d87010e3b1602f600e1 -> 
  custom:scripting/monoscript/fileName/Vector4AffordanceThemeDatumPropertyDrawer.cs: 7c8893beae89d3c429ef3d8aa828bbca -> 
  custom:scripting/monoscript/fileName/AudioAffordanceThemeDatumPropertyDrawer.cs: f6a4026765b9182c71238c3b1eb5c19c -> 
  custom:scripting/monoscript/fileName/GazeTeleportationAnchorFilterEditor.cs: c01e2023ce38344c40aad7ad2e435de0 -> 
  custom:scripting/monoscript/fileName/XRRayInteractor.deprecated.cs: 90647cc400823b41df847a6cbfc29026 -> 
  custom:scripting/monoscript/fileName/BurstPhysicsUtils.cs: 03d4ba05a958fa0d4b37404cdb923462 -> 
  custom:scripting/monoscript/fileName/XRUIInputModule.deprecated.cs: 90647cc400823b41df847a6cbfc29026 -> 
  custom:scripting/monoscript/fileName/XRHandSkeletonPokeDisplacer.cs: fc912ce4ecfc015a2468824bfa22a444 -> 
  custom:scripting/monoscript/fileName/XRSingleGrabFreeTransformer.cs: d4239a25c4293b42a12bb6a81ed3c57e -> 
  custom:scripting/monoscript/fileName/XRScreenSpaceController.cs: 5da191b8295e6377b02508f1fcb24567 -> 
  custom:scripting/monoscript/fileName/XRTransformStabilizer.cs: 43fe88a528b18a68dbb16ee10a4ff224 -> 
  custom:scripting/monoscript/fileName/UnderCameraBodyPositionEvaluator.cs: d873d246f3b754f6842e0d26b259f886 -> 
  custom:scripting/monoscript/fileName/XRControllerRecorder.cs: 43ec146b88db4965958b73fdb7ab06ba -> 
  custom:scripting/monoscript/fileName/XRTargetEvaluatorEditorUtility.cs: 3d022b831f5659cda3686543ba355657 -> 
  custom:scripting/monoscript/fileName/XRPokeLogic.cs: e2b1def565c1e1d5cfe10a23758c8b57 -> 
  custom:scripting/monoscript/fileName/TouchModel.cs: 4a9987cc8b20a24f5411889b0969dac6 -> 
  custom:scripting/monoscript/fileName/IConstrainedXRBodyManipulator.cs: 04c899371fbae715cbb53924c1b9b24f -> 
  custom:scripting/monoscript/fileName/InteractionLayerMaskDrawer.cs: 2dd41f6cee21469bf08be3a69a31583a -> 
  custom:scripting/monoscript/fileName/GestureTransformationUtility.deprecated.cs: ba4d9769621153e26f93225586052f8b -> 
  custom:scripting/monoscript/fileName/PooledObject.cs: 90647cc400823b41df847a6cbfc29026 -> 
  custom:scripting/monoscript/fileName/XRTargetEvaluatorsScoreTreeView.cs: 9cd4d1046103234400aab9409d666c8c -> 
  custom:scripting/monoscript/fileName/ActionBasedControllerEditor.cs: bb433160ae5801abbc22b4f1bcfca9b6 -> 
  custom:scripting/monoscript/fileName/ScreenSpaceSelectInput.cs: f5e000db2ce79a56ac41136683cbd371 -> 
  custom:scripting/monoscript/fileName/TeleportVolumeDestinationSettingsDatumProperty.cs: 741538dd1b46356626b1429d9643dd66 -> 
  custom:scripting/monoscript/fileName/ARTransformer.cs: e7e217f01217c2762a94b1ceb8563a3e -> 
  custom:scripting/monoscript/fileName/LocomotionUtility.cs: e10495371a58472fac62779e85f653be -> 
  custom:scripting/monoscript/fileName/SmartFollowQuaternionTweenableVariable.cs: e01bfdc0d96ae6c230ef9f5c3d840467 -> 
  custom:scripting/monoscript/fileName/UIInputModule.Events.cs: cf91ec523ea5be6df878ee8b6584c221 -> 
  custom:scripting/monoscript/fileName/BlendShapeAffordanceReceiver.cs: 112246585a0fcfd068b95d87a452d39f -> 
  custom:scripting/monoscript/fileName/XRSimulatedControllerState.cs: b58309ecc339e9f6984a8c78c325c158 -> 
  custom:scripting/monoscript/fileName/Vector3MaterialPropertyAffordanceReceiver.cs: a39ede5d38b4884d82676fd336f8845e -> 
  custom:scripting/monoscript/fileName/ContinuousTurnProvider.cs: 98e458f1f3f35d2c4ff39467d030e804 -> 
  custom:scripting/monoscript/fileName/XRBaseInputInteractorEditor.cs: 6026b6aace9f33a698cc6ab02f2749c2 -> 
  custom:scripting/monoscript/fileName/XRInputHapticImpulseProvider.cs: b9b2b2dc68ac9710fd001f0f7acd5a36 -> 
  custom:scripting/monoscript/fileName/ScreenSpaceRayPoseDriver.cs: bb4523d977e059a762f17cdc3af734c3 -> 
  custom:scripting/monoscript/fileName/TeleportVolumeDestinationSettingsDatumPropertyDrawer.cs: b1f2ee895e7e32ae0a0fed9bcd94f859 -> 
  custom:scripting/monoscript/fileName/SimpleAudioFeedbackEditor.cs: 585347c4b065745a76f35f937b296ecf -> 
  custom:scripting/monoscript/fileName/CanvasOptimizer.cs: 2d9fbec9885e0fa49ba59cbbb2b066ce -> 
  custom:scripting/monoscript/fileName/LocomotionMediator.cs: 430f67c06628194ddf6f901e12f5ac38 -> 
  custom:scripting/monoscript/fileName/MaterialInstanceHelper.cs: 2140738dc434b4984a0674cb5440a884 -> 
  custom:scripting/monoscript/fileName/ComponentLocatorUtility.cs: 90647cc400823b41df847a6cbfc29026 -> 
  custom:scripting/monoscript/fileName/CharacterControllerBodyManipulator.cs: c43dc23266e55f9d78c91bbad4c89159 -> 
  custom:scripting/monoscript/fileName/XRInteractableSnapVolumeEditor.cs: 7d0f612c054f2fd7cd7d46c117c2bddd -> 
  custom:scripting/monoscript/fileName/HapticImpulseCommandChannel.cs: 2bcaf7691f088d0ebc6dbd588c2648f3 -> 
  custom:scripting/monoscript/fileName/LocomotionProvider.cs: 33bb2e6d3cbe5ade0ecd3ec5b3e53fbe -> 
  custom:scripting/monoscript/fileName/ActionBasedContinuousMoveProvider.cs: 7d278550d708297b0a37af5b2375ff60 -> 
  custom:scripting/monoscript/fileName/XRControllerRecorderEditor.cs: 2becc3aec59f41c99aa8c09695349616 -> 
  custom:scripting/monoscript/fileName/XRPokeFilter.cs: d25513cc5875a49a4fdc38e85e815c88 -> 
  custom:scripting/monoscript/fileName/Vector4TweenableVariable.cs: a862c927e11ac403167ebffbe50aa9a7 -> 
  custom:scripting/monoscript/fileName/XRPokeInteractor.cs: efc2a59e172595d1ffc5634328804545 -> 
  custom:scripting/monoscript/fileName/XRControllerRecordingEditor.cs: 592b2ff2caef963edc7b4a3176355955 -> 
  custom:scripting/monoscript/fileName/TweenableVariableBase.cs: 90647cc400823b41df847a6cbfc29026 -> 
  custom:scripting/monoscript/fileName/ExposedRegistrationList.cs: 90647cc400823b41df847a6cbfc29026 -> 
  custom:scripting/monoscript/fileName/IPokeStateDataProvider.cs: 1f00702a251e095f74b87a2e93826e6b -> 
  custom:CustomObjectIndexerAttribute: 9a22284fe3817be447336de3de66b15e -> 
  custom:scripting/monoscript/fileName/ContinuousMoveProvider.cs: 0e229499f925ce01b4266d2b66e47332 -> 
  custom:scripting/monoscript/fileName/GestureRecognizer.cs: 849ed7f5b11c9db237ef61b01c5a5104 -> 
  custom:scripting/monoscript/fileName/XRSocketInteractor.cs: b0aab81094ab0731365903ea2a8ec6bb -> 
  custom:scripting/monoscript/fileName/XRInteractionManager.cs: 8458d8e690f18aea3c5d64c040cc1023 -> 
  custom:scripting/monoscript/fileName/LocomotionProvider.deprecated.cs: 90647cc400823b41df847a6cbfc29026 -> 
  custom:scripting/monoscript/fileName/XRControllerRecording.cs: ea167bf076a7740d287329ce3e65396f -> 
  custom:scripting/monoscript/fileName/XRInputDeviceBoolValueReader.cs: 7be322972109b2291b2d0da52da61f5a -> 
  custom:scripting/monoscript/fileName/XRTargetEvaluator.cs: b16d7a5b4e19d2e8b36e19f2d0969fd8 -> 
  custom:scripting/monoscript/fileName/ProjectValidationUtility.cs: dac9edc910ff914f68c1631dc17e16ab -> 
  custom:scripting/monoscript/fileName/TrackedDeviceModel.deprecated.cs: 6a9a21e2d68f07dc1d721deb32ed0efe -> 
  custom:scripting/monoscript/fileName/SmartFollowVector3TweenableVariable.cs: 275b0abe86c097ca8b877bc19bf92f90 -> 
  custom:scripting/monoscript/fileName/IXRActivateInteractor.cs: 79dec9372f131265e093a02c8cef0e41 -> 
  custom:container-demuxer-webm: 4f35f7cbe854078d1ac9338744f61a02 -> 
  custom:scripting/monoscript/fileName/XRTargetFilter.cs: 5715e51d114807c08143f7cb237a97c9 -> 
  custom:scripting/monoscript/fileName/TeleportationArea.cs: b0e2f582a75c135dc818d930d2849a49 -> 
  custom:scripting/monoscript/fileName/IXRHoverInteractor.cs: 44016443487a494f793f9d6b6d94da9d -> 
  custom:scripting/monoscript/fileName/RequireInterfaceAttribute.cs: c5f76685c6110dabcbd3746c51f7eaa0 -> 
  custom:scripting/monoscript/fileName/InteractionState.cs: 6ae1a6f6d7123935e078a06758bca9e0 -> 
  custom:scripting/monoscript/fileName/IXRGrabTransformer.cs: ddb6cf57c5d89cb73ca2df6c9d2339a7 -> 
  custom:scripting/monoscript/fileName/XRUIInputModule.cs: 699fea81d51f44a84cb2f0bb64fad6ac -> 
  custom:scripting/monoscript/fileName/XRGazeInteractor.cs: 727cd3b7961035116c6b978f54d37924 -> 
  custom:scripting/monoscript/fileName/XRInteractorLineVisual.cs: 9740133b1d549e1715df75eaf0c5ed55 -> 
  custom:scripting/monoscript/fileName/XRGrabInteractable.cs: 60bda93ef1996019ee10a1f9c054e80d -> 
  custom:scripting/monoscript/fileName/GazeTeleportationAnchorFilter.cs: e7d66728f58b6bbd2ff0385fa4e81e9b -> 
  custom:scripting/monoscript/fileName/IXRInteractionStrengthInteractable.cs: f1f92253dffc6c6a55a6ce77313551da -> 
  custom:scripting/monoscript/fileName/SectorInteraction.cs: 87af26b46b1e61de956bd279678d7b1a -> 
  custom:scripting/monoscript/fileName/DeviceBasedContinuousTurnProvider.cs: b0c172988bc5a28b599bc9895d177fe8 -> 
  custom:scripting/monoscript/fileName/DistanceInfo.cs: cecac45831c290a052854968cc7d354d -> 
  custom:scripting/monoscript/fileName/GestureTouchesUtility.cs: 441d39d00e5c5c3f831acdf83030ad19 -> 
  custom:scripting/monoscript/fileName/XRDirectInteractor.cs: 9c5c993ab53cc42184046d4462576fdd -> 
  custom:scripting/monoscript/fileName/XRLegacyGrabTransformer.cs: 6b2a337ce68919f21bf23649e65f263b -> 
  custom:scripting/monoscript/fileName/HapticControlActionManager.cs: b705ccdc108f5387d6ec77619727661e -> 
  custom:scripting/monoscript/fileName/XRInputButtonReader.cs: 8f2af4fae2ae8e4d4c4c785365a95c86 -> 
  custom:scripting/monoscript/fileName/XRBaseController.cs: 89c65505b16ea180a5005c5b3ad87b64 -> 
  custom:scripting/monoscript/fileName/PinchGesture.cs: bd87c2706e999d6273c69ae4b74bfadc -> 
  custom:scripting/monoscript/fileName/BurstLerpUtility.cs: 09a2e4cb2e0bf5932ef7c7d2faa7cf78 -> 
  custom:scripting/monoscript/fileName/XRInputDevicesTreeView.cs: b95eb16008a2abcc498c4236c3a10d47 -> 
  custom:scripting/monoscript/fileName/XRInputHapticImpulseProviderPropertyDrawer.cs: 8b600a2a2097b01ac1f416131c249635 -> 
  custom:scripting/monoscript/fileName/TapGestureRecognizer.cs: c532528b9ad1a24f602bb16866ae5c67 -> 
  custom:scripting/monoscript/fileName/XRBaseControllerInteractor.cs: 6501f2f4ebc290e82082245cb8731e7a -> 
  custom:scripting/monoscript/fileName/ContinuousMoveProviderBase.cs: c479f92350f8991116aefb7a618a826f -> 
  custom:scripting/monoscript/fileName/XRInteractionDebuggerWindow.cs: 5c8551716abbe2f5e0bfec3dfc649c67 -> 
  custom:scripting/monoscript/fileName/IInteractionAttachController.cs: e995284c8f5d9929953f0670bbe7054b -> 
  custom:scripting/monoscript/fileName/IInteractionCaster.cs: 21cb8d98d197c0cab86600d743639071 -> 
  custom:scripting/monoscript/fileName/CanvasTracker.cs: f2a5bb1e5bd462604ab7b1f7bd53585e -> 
  custom:scripting/monoscript/fileName/XRGeneralGrabTransformer.cs: 550062c6a0e85d58a6116c0319a5e2ac -> 
  custom:scripting/monoscript/fileName/IAsyncAffordanceStateReceiver.cs: cf7a6b99ede188946237b92d8409c95b -> 
  custom:scripting/monoscript/fileName/AttachPointVelocityTracker.cs: d482264d794bf4554b73be22cf1f43d3 -> 
  custom:scripting/monoscript/fileName/XRRayInteractorEditor.cs: c8809bba88e8703803de0edf4bc7651f -> 
  custom:scripting/monoscript/fileName/TweenableVariableSynchronousBase.cs: 90647cc400823b41df847a6cbfc29026 -> 
  custom:scripting/monoscript/fileName/XRSimulatedHMDState.cs: 67b8ef23063199b1108679be9daa890b -> 
  custom:scripting/monoscript/fileName/ColorAffordanceThemeDatumPropertyDrawer.cs: 1d14f445ba1003d3fb8b377f4589be86 -> 
  custom:scripting/monoscript/fileName/RegisteredUIInteractorCache.cs: 2a82fb802431ec83ae4d05db3471d0c6 -> 
  custom:scripting/monoscript/fileName/XRInputDeviceQuaternionValueReader.cs: 1496e9a27ba45a2a31dc1620d0c372ec -> 
  custom:scripting/monoscript/fileName/TwoFingerDragGesture.deprecated.cs: 607e0b851d6132df7b1011f58503d6a1 -> 
  custom:scripting/monoscript/fileName/Vector2MaterialPropertyAffordanceReceiver.cs: 94c9e880b21073ef2d8eaa2503fb3bad -> 
  custom:scripting/monoscript/fileName/ClimbSettingsPropertyDrawer.cs: bb1a2d2fb12f095095ec922855cc3a18 -> 
  custom:scripting/monoscript/fileName/ScreenSpaceRotateInput.cs: acfa88e53b8d0dc856be70abde514916 -> 
  custom:scripting/monoscript/fileName/XRDistanceEvaluator.cs: c86db23a931fbdba1c600eb337e40d37 -> 
  custom:scripting/monoscript/fileName/InteractionAttachController.cs: c90e8a522871d1fa3d7435305ea776d2 -> 
  custom:scripting/monoscript/fileName/ARPlacementInteractable.deprecated.cs: 4d34f752a48e86c46b5e3940678105aa -> 
  custom:scripting/monoscript/fileName/ColorAffordanceReceiver.cs: adcd00ecaa7c1a37b75997962e169377 -> 
  custom:scripting/monoscript/fileName/ARAnnotationInteractableEditor.deprecated.cs: feacd83fb34fbdbaaba2866ed6df0e1a -> 
  custom:scripting/monoscript/fileName/DragGesture.cs: 9ee422a60d2a85accaee4f5aab4b91aa -> 
  custom:scripting/monoscript/fileName/Vector2TweenableVariable.cs: 0322bc8d809ad2b0c334f484c41ddd7d -> 
  custom:scripting/monoscript/fileName/InputActionUtility.cs: 5df040480cf297a677457f83eb48732d -> 
  custom:scripting/monoscript/fileName/SnapTurnProvider.cs: 02186e67af3a4cf86a8e5e205030ade8 -> 
  custom:scripting/monoscript/fileName/ARBaseGestureInteractableEditor.deprecated.cs: 188a3623d86ce2f7e75cac0b17ce4b50 -> 
  custom:scripting/monoscript/fileName/HapticsUtility.cs: e320c62eb66fd23e78f6958dca592f3d -> 
  custom:scripting/monoscript/fileName/BaseAffordanceTheme.cs: 0cdf409b5aa8d4c25876d72b5c6a3b60 -> 
  custom:scripting/monoscript/fileName/XRInputDeviceVector2ValueReader.cs: db6665d4bdf2b2811f0eb0294f6e62ed -> 
  custom:scripting/monoscript/fileName/PokeStateData.cs: 47b64c5a79f7fc70cb3a731d5c0c436f -> 
  custom:scripting/monoscript/fileName/TouchscreenGestureInputControllerState.cs: 67e060f4074dcae82e96b0b68594e7c3 -> 
  custom:scripting/monoscript/fileName/XRSimpleInteractable.cs: 1d0808f125421c51d4d037567fae4e1c -> 
  custom:scripting/monoscript/fileName/IMultiPokeStateDataProvider.cs: 3ff6488eda49da05e03e843523e315f7 -> 
  custom:scripting/monoscript/fileName/XRBaseInteractableEditor.cs: 76a90b7b83e2eca0fe1c5b51b3768178 -> 
  custom:scripting/monoscript/fileName/XRAngleGazeEvaluator.cs: 0202d7b311bfc86c3790acbe21cd90d2 -> 
  custom:scripting/monoscript/fileName/AudioAffordanceThemeDatum.cs: d875c0527be46192f03366954f6ddda3 -> 
  custom:scripting/monoscript/fileName/SectorInteractionEditor.cs: 151ad5d7c074b6f21d55649a3ad1085a -> 
  custom:scripting/monoscript/fileName/IXROverridesGazeAutoSelect.cs: f4f6a20ad62bb85bafc98850754c6c84 -> 
  custom:container-muxer-webm: aa71ff27fc2769a1b78a27578f13a17b -> 
  custom:scripting/precompiled-assembly-types:UnityEditor.XR.LegacyInputHelpers: da89cbc7455a59033fbb4142c55cbbb1 -> 52acfc53051faf8d3716fd452f740f78
  custom:scripting/monoscript/fileName/CanSelectMultipleAttribute.cs: 67e3e05536aed858f8535f90720a6096 -> 
  custom:scripting/monoscript/fileName/XRInputDeviceHapticImpulseChannel.cs: 7914ae3b96eef92f70f28327dd07bf9c -> 
  custom:scripting/monoscript/fileName/XRBaseInteractableEditor.deprecated.cs: 0cdf409b5aa8d4c25876d72b5c6a3b60 -> 
  custom:scripting/monoscript/fileName/XRInteractionEditorSettingsEditor.cs: d3da9869f4c69482bb7579aec88d7d21 -> 
  custom:scripting/monoscript/fileName/TweenableVariableAsyncBase.cs: 90647cc400823b41df847a6cbfc29026 -> 
  custom:video-decoder-webm-vp8: 9c59270c3fd7afecdb556c50c9e8de78 -> 
  custom:scripting/monoscript/fileName/ConstrainedMoveProvider.deprecated.cs: 90647cc400823b41df847a6cbfc29026 -> 
  custom:scripting/monoscript/fileName/HapticImpulseSingleChannelGroup.cs: f7a3e31a0c2c55bc647b8ec4a0fac508 -> 
  custom:scripting/monoscript/fileName/XRSimulatedController.cs: 220b0899d606c487f90fe17be8309d8c -> 
  custom:scripting/monoscript/fileName/TapGesture.cs: 76dc86693f7761930eac87c4b745d917 -> 
  custom:scripting/monoscript/fileName/XRDeviceSimulatorSettingsEditor.cs: 517a67ef2caf0a9e7551aba194b19b44 -> 
  custom:scripting/monoscript/fileName/SimpleHapticFeedbackEditor.cs: c8bffe0c836f488ae89081b2088cdeac -> 
  custom:scripting/monoscript/fileName/ITeleportationVolumeAnchorFilter.cs: 475b2bf7b30ab93a3b3ee12dba4094b9 -> 
  custom:scripting/monoscript/fileName/XRInputDeviceButtonReader.cs: c340ab637ac76602e63d6bbdeaa58ac0 -> 
  custom:scripting/monoscript/fileName/XRInteractionEvents.deprecated.cs: fcbe309a50f7b71f80088484b27d0c2a -> 
  custom:scripting/monoscript/fileName/Vector2AffordanceThemeDatumPropertyDrawer.cs: d077c33db6b646114098a3e0fca4f6ee -> 
  custom:scripting/monoscript/fileName/IFarAttachProvider.cs: 180798cb2282f898a1931ddee29af852 -> 
  custom:scripting/monoscript/fileName/IXRInteractionStrengthInteractor.cs: a7ed52ea5aacd3562762b03a644fe0db -> 
  custom:scripting/monoscript/fileName/XRInteractorAffordanceStateProvider.cs: 919670466ffd9cea221a8213903cf3fb -> 
  custom:scripting/monoscript/fileName/XRControllerState.cs: 3c5f111dace4c4b40753015a45a1a66d -> 
  custom:scripting/monoscript/fileName/BurstGazeUtility.cs: 77f225b25b67f7dc0beda4d53be50b39 -> 
  custom:scripting/monoscript/fileName/TwistGestureRecognizer.cs: 666569e0236610275a93f126961bb0e5 -> 
  custom:scripting/monoscript/fileName/XRInputReaderUtility.cs: 12e5215dd936c9c1888c7c35ac0832fc -> 
  custom:scripting/monoscript/fileName/Vector3AffordanceThemeDatum.cs: ed26cb399c4489f28264e63c01c35cfa -> 
  custom:SearchIndexIgnoredProperties: e643bd26f0fe6173181afceb89e7c659 -> 
  custom:scripting/monoscript/fileName/InputHelpers.deprecated.cs: f8e4f3001fb288daafc75ef168dc221b -> 
  custom:scripting/monoscript/fileName/IXRHoverFilter.cs: 23544edc3d19a1917e5736111e2556f0 -> 
  custom:scripting/monoscript/fileName/ColorTweenableVariable.cs: c3dbf8ddc57eed6b9a799635a76f2e3c -> 
  custom:scripting/monoscript/fileName/IXRTargetEvaluatorLinkable.cs: 1eb61396c3bae810b948dd868452d66e -> 
  custom:AudioImporter_EditorPlatform: 3918e3fc78b5a79bad01e8451be0beb8 -> 
  custom:scripting/monoscript/fileName/PokeThresholdDatumProperty.cs: 5bd134dc122f590a0f786513b7bb1d0a -> 
  custom:scripting/monoscript/fileName/IXRAimAssist.cs: a26752f4c5cbfac6c0b98d1f96e9d201 -> 
  custom:scripting/monoscript/fileName/InteractionState.deprecated.cs: 6ae1a6f6d7123935e078a06758bca9e0 -> 
  custom:scripting/monoscript/fileName/AudioAffordanceReceiver.cs: 5d0abdfd7ee601eead404198f988feba -> 
  custom:scripting/monoscript/fileName/ActionBasedContinuousTurnProvider.cs: af1ca96d18cfd71782a9276612262e0d -> 
  custom:scripting/monoscript/fileName/TeleportationAreaEditor.cs: eee5fd9da78a01007ee2be8a99c0d07a -> 
  custom:scripting/monoscript/fileName/Vector3AffordanceReceiver.cs: f303c01869901c15f8fdcef5f7227924 -> 
  custom:scripting/monoscript/fileName/ClimbSettingsDatumPropertyDrawer.cs: 08c0d649916f8de8ae26c6b5705f3acf -> 
  custom:scripting/monoscript/fileName/XRInteractionEditorGUI.cs: 55af97c9a6ccfdcb3df6e1486a21ed56 -> 
  custom:scripting/monoscript/fileName/TwoFingerDragGestureRecognizer.cs: 1ef488c75f490de584bdf1993ee87468 -> 
  custom:scripting/monoscript/fileName/ARBaseGestureInteractable.deprecated.cs: ad195700bf9c324d917080e3a1440461 -> 
  custom:scripting/monoscript/fileName/TeleportVolumeDestinationSettingsDatum.cs: 020673c79e62b682ec6a866d090cff3a -> 
  custom:scripting/monoscript/fileName/FollowPresetDatum.cs: dd28b1821b9d20403bba5e57297475f1 -> 
  custom:scripting/monoscript/fileName/XRBaseTargetFilter.cs: 5f1f092e342b8103bc264d5861a4642e -> 
  custom:scripting/monoscript/fileName/DeviceBasedContinuousMoveProvider.cs: 691ce08451213137e025232be75f0dcc -> 
  custom:scripting/monoscript/fileName/ClimbInteractable.cs: e53d8c6294adf3f1923abe18bb292c68 -> 
  custom:scripting/monoscript/fileName/Vector2AffordanceReceiver.cs: 59632cd144e13a158775d96450cf554a -> 
  custom:scripting/monoscript/fileName/XRMainCameraFactory.cs: 34b6c1d6c1dc49c89dc2d09ef6dc5eff -> 
  custom:scripting/monoscript/fileName/XRBaseControllerEditor.cs: 345ded1ff2900b201584ec225d351854 -> 
  custom:scripting/monoscript/fileName/Vector4AffordanceThemeDatum.cs: 2924804b02cb62328e6008d577c055d7 -> 
  custom:scripting/monoscript/fileName/TouchscreenGestureInputLoader.cs: 3f12cc9afc0f43b2223ef3e8f9119e3f -> 
  custom:scripting/monoscript/fileName/TouchscreenGestureInputController.cs: f2f8ee4f24289a0fe51b249128fe5724 -> 
  custom:scripting/monoscript/fileName/CurveInteractionCaster.cs: 3bcedfab558512637968b7c4a2c45d9b -> 
  custom:scripting/monoscript/fileName/TeleportationMonitor.cs: 73b1877846603eb247a39762b57363fd -> 
  custom:scripting/monoscript/fileName/XRInputValueReader.cs: 8edef4fc53f3929c84bd93fa228df715 -> 
  custom:scripting/monoscript/fileName/ClimbSettingsDatum.cs: 46db0e3ab8899c948fa293d769d281d6 -> 
  custom:scripting/monoscript/fileName/ClimbSettings.cs: 385b9d64cb15f2ef8b3e1a970e7e59fb -> 
  custom:scripting/monoscript/fileName/TeleportVolumeDestinationSettingsPropertyDrawer.cs: 82b59bd99a41780563c6e1e6215720b2 -> 
  custom:scripting/monoscript/fileName/BaseAffordanceStateProvider.cs: 6b87bc4e96a7e06e1848112b90d4fbe5 -> 
  custom:scripting/monoscript/fileName/ContinuousTurnProviderBase.cs: 9192fea1bd87c523c7a81cc0bd177ad9 -> 
  custom:scripting/monoscript/fileName/ARScaleInteractableEditor.deprecated.cs: 8869eed257acd65b5ba1d42af8459ff9 -> 
  custom:scripting/monoscript/fileName/SmallRegistrationList.cs: 90647cc400823b41df847a6cbfc29026 -> 
  custom:scripting/monoscript/fileName/HapticImpulsePlayer.cs: 14d8d1d72cdaba27e519d3f51569e7d9 -> 
  custom:scripting/monoscript/fileName/NavigationModel.cs: 67717a4a0263d411f10eb22e3d21c8b0 -> 1c263830c18aeaed6a5f098797d42577
  custom:scripting/monoscript/fileName/XRTargetEvaluatorEnabledDrawer.cs: 541b6aec5ac5006f13b8c9baf582b37e -> 
  custom:scripting/monoscript/fileName/XRRig.cs: 8b5108bd11bab80bf7af7f4fa1e91aee -> 
  custom:scripting/monoscript/fileName/PinchGestureRecognizer.cs: 11d008cce76e3bae85b61649a032f7c9 -> 
  custom:scripting/monoscript/fileName/XRBaseInputInteractor.cs: 01d14bbdecd2b51152312f4c464d37d0 -> 
  custom:scripting/monoscript/fileName/XRGazeAssistance.cs: 524bd4810f005c93aa34fc240f3171b7 -> 
  custom:scripting/monoscript/fileName/FloatAffordanceReceiver.cs: f36f1241636952fe012b144a04dc358a -> 
  custom:scripting/monoscript/fileName/IXRInteractor.cs: 338662accdc6de5f4fe93921fd4da113 -> 
  custom:scripting/monoscript/fileName/FloatAffordanceThemeDatum.cs: 4f85946f92eddc0b1e66d1e89a2f19bd -> 
  custom:scripting/monoscript/fileName/TweenJobData.cs: 90647cc400823b41df847a6cbfc29026 -> 
  custom:scripting/monoscript/fileName/QuaternionEulerAffordanceReceiver.cs: b59721a50e4d57b39fec6d1f3d61e33a -> 
  custom:scripting/monoscript/fileName/LocomotionState.cs: 5f935c83f9bf1ad916b2fe07c8077835 -> 
  custom:scripting/monoscript/fileName/CurveInteractionCasterEditor.cs: f8d487036bc204036b33145c8a90fe6d -> 
  custom:scripting/monoscript/fileName/XRTargetEvaluatorList.cs: 6eac206cdf0dec66a9b2dd3760cf63d8 -> 
  custom:scripting/monoscript/fileName/XRInputDeviceVector3ValueReader.cs: 53965d474cd4a5dc0545c311c952040a -> 
  custom:scripting/monoscript/fileName/SimpleHapticFeedback.cs: f7ae35ac282cbfb351cb8fe288238fe1 -> 
  custom:scripting/monoscript/fileName/XRControllerEditor.cs: 133b3580a38a6d5d59df465a1c23affe -> 
  custom:scripting/monoscript/fileName/UIInputModule.cs: 7c2703761ac1780c11da12291cb2c4be -> 
  custom:scripting/monoscript/fileName/InputFeatureUsageString.cs: 90647cc400823b41df847a6cbfc29026 -> 
  custom:scripting/monoscript/fileName/ClimbTeleportInteractor.cs: dbf3284117545850a66ddc719b6d4e8e -> 
  custom:scripting/monoscript/fileName/XRSimulatedHMD.cs: 7c9ef5d74f30c596b81cdb93105bad0c -> 
  custom:scripting/monoscript/fileName/TouchscreenHoverFilter.cs: 057b843742dda11adf53a737646651c2 -> 
  custom:scripting/monoscript/fileName/CurveVisualController.cs: d833cfdca88d954a463782f9d43da234 -> 
  custom:scripting/monoscript/fileName/InputActionPropertyExtensions.cs: ea8bb1bd97ad26e2ffc07c6f1f4155fe -> 
  custom:scripting/monoscript/fileName/DeviceBasedSnapTurnProviderEditor.cs: 18ec78615f99824d22fe22f5a7e9b9e4 -> 
  custom:scripting/monoscript/fileName/XRInputButtonReaderPropertyDrawer.cs: 34a8e80f10a2f764a6af460d18d52105 -> 
  custom:scripting/monoscript/fileName/XRInteractableSnapVolume.cs: 4b9bcd5ccee810b533f1629086e8bf45 -> 
  custom:scripting/monoscript/fileName/IXRGroupMember.cs: cedcd1cf17175df8c2d6e4d1638057c5 -> 
  custom:scripting/monoscript/fileName/ClimbSettingsDatumProperty.cs: 9065ecea78207c3d28585de59166194a -> 
  custom:scripting/monoscript/fileName/ScriptableSingletonCache.cs: 90647cc400823b41df847a6cbfc29026 -> 
  custom:scripting/monoscript/fileName/GizmoHelpers.cs: 0533db0ace409f69a9d271988f0b3a14 -> 
  custom:scripting/monoscript/fileName/DeviceBasedSnapTurnProvider.cs: 37ea0e60c14f64ac846838a47b808c93 -> 
  custom:scripting/monoscript/fileName/XRTargetFilterEditor.cs: 496b40b8d9551fd983b03674199e7240 -> 
  custom:scripting/monoscript/fileName/XRRigEditor.deprecated.cs: cb59f3002a49341845ae0ef971378b51 -> 
  custom:scripting/monoscript/fileName/XRSocketInteractorEditor.cs: 4ec41e93b6feda149184aaa0552edfd7 -> 
  custom:scripting/monoscript/fileName/IAttachPointVelocityTracker.cs: 143182ae93a885862d5274ac83632382 -> 
  custom:scripting/monoscript/fileName/InteractionLayerMask.cs: a42b9f7c8a2aeb526d1f2d5fe27c2a70 -> 
  custom:scripting/monoscript/fileName/Vector3AffordanceThemeDatumPropertyDrawer.cs: 533ca4be9b5324c83cf2aa3980cbbe64 -> 
  custom:scripting/monoscript/fileName/PokeThresholdDatum.cs: 143d99db9f4c45d535f173ced473564c -> 
  custom:scripting/monoscript/fileName/XRMissingEvaluatorTypeList.cs: f0631c74741b00968c644482940e97ee -> 
  custom:framework-osx-AVFoundation: e770b220cccbd017edd2c1fefb359320 -> 
  custom:scripting/monoscript/fileName/XRInteractionManager.deprecated.cs: 90647cc400823b41df847a6cbfc29026 -> 
  custom:scripting/monoscript/fileName/ARTranslationInteractable.deprecated.cs: 0467ff1e9614bae6d614df1aa1937fb7 -> 
  custom:scripting/monoscript/fileName/FloatTweenJob.cs: fe3df545fc2e7f49db682f5ae1e70968 -> 
  custom:scripting/monoscript/fileName/TunnelingVignetteController.cs: d391688c318aec0718cdf5360ac91b7b -> 
  custom:scripting/monoscript/fileName/IAttachPointVelocityProvider.cs: 6b99f5037740b8e7c8c22cabc2fc22c5 -> 
  custom:scripting/precompiled-assembly-types:Unity.XR.Interaction.Toolkit.Editor: 2cdca1ce69cff5e972050abcec2e5840 -> 
  custom:scripting/monoscript/fileName/Vector4MaterialPropertyAffordanceReceiver.cs: f5309be8be6e15acf768c2079f2aad6c -> 
  custom:scripting/monoscript/fileName/XRInputModalityManager.cs: aecc63f6a8911caebec1dea1326040fc -> 
  custom:scripting/monoscript/fileName/TrackedDevicePhysicsRaycaster.cs: badbe4b4d308846ebd7b0f2668b54786 -> 
  custom:scripting/monoscript/fileName/MaterialPropertyBlockHelper.cs: bc18d83f50ae0d2e4cd27478bad972f2 -> 
  custom:scripting/monoscript/fileName/IXRReticleDirectionProvider.cs: 371befd0b0715ce836e4f16c2eb91fcc -> 
  custom:scripting/monoscript/fileName/LazyFollow.cs: 3c5ec47ad1ed59d174bbce5afecd9d8a -> 
  custom:scripting/monoscript/fileName/ScriptableConstrainedBodyManipulator.cs: d2919a2e32ac5f11c6e1e374bb398b7f -> 
  custom:scripting/monoscript/fileName/BurstMathUtility.cs: d4b4ef7c9d36fce3201cb47755d48cfa -> 
  custom:scripting/monoscript/fileName/XRBaseInputInteractor.deprecated.cs: 0cdf409b5aa8d4c25876d72b5c6a3b60 -> 
  custom:scripting/monoscript/fileName/TeleportationAnchor.cs: 5f2ce3cae68848558007b02df13635ca -> 
  custom:scripting/monoscript/fileName/XRLastSelectedEvaluator.cs: d933592c57a79ec1fcab412144e850a0 -> 
  custom:scripting/monoscript/fileName/IUIModelUpdater.cs: bdf2bade385a60c2718902d42504eeac -> 
  custom:scripting/monoscript/fileName/XRInteractorReticleVisual.cs: 8b521bc37df315fb63e17d58eac7cdcc -> 
  custom:scripting/monoscript/fileName/XRBaseGrabTransformer.cs: b250b844e0c831f01d6a3a323cf63458 -> 
  custom:scripting/monoscript/fileName/XRInteractionUpdateOrder.cs: 5874723d3e1c8322f93c8d0483a7949b -> 
  custom:scripting/monoscript/fileName/GrabMoveProviderEditor.cs: 64fa8d76b637705e674ed1813060ab3a -> 
  custom:scripting/monoscript/fileName/InteractionLayerSettings.cs: 75c2865b9d94ae8235148408f65f56fa -> 
  custom:video-encoder-webm-vp8: eb34c28f22e8b96e1ab97ce403110664 -> 
  custom:scripting/monoscript/fileName/NearFarInteractorEditor.cs: dab6bcdeb3088e0b643efd3f273a24f7 -> 
  custom:scripting/monoscript/fileName/BaseSynchronousAffordanceStateReceiver.cs: 90647cc400823b41df847a6cbfc29026 -> 
  custom:scripting/monoscript/fileName/TouchscreenGestureInputLayoutLoader.cs: 5205244a0283cdc8062c98522a4441d1 -> 
  custom:scripting/monoscript/fileName/ARTransformerEditor.cs: 3679c2a4e66c8ebcf4a32435a13ab74e -> 
  custom:scripting/monoscript/fileName/NativeCurve.cs: 39244467e1c5f969b9f4cd9ce148b8f1 -> 
  custom:scripting/monoscript/fileName/XRBodyTransformerEditor.cs: fd4ae9397a1a27977e713a0abcd5fe4d -> 
  custom:scripting/monoscript/fileName/TunnelingVignetteControllerEditor.cs: 376a756f03be57e875a131a8b82a8146 -> 
  custom:audio-decoder-ogg-vorbis: bf7c407c2cedff20999df2af8eb42d56 -> 
  custom:scripting/monoscript/fileName/TrackedDeviceModel.cs: 7aaaa20be082d1f9ec0a05ae8a9774e0 -> 
  custom:scripting/monoscript/fileName/ARTranslationInteractableEditor.deprecated.cs: 928d24cdfcc1575ed4a8e19c1f8f478c -> 
  custom:scripting/monoscript/fileName/ARSelectionInteractableEditor.deprecated.cs: 9653fbc682261a998e7ae0c42ca1fa53 -> 
  custom:scripting/monoscript/fileName/EditorComponentLocatorUtility.cs: 0b086b7f41bf64d52466885c0b670e3c -> 
  custom:scripting/monoscript/fileName/TwoHandedGrabMoveProvider.cs: fdbc107500c458ead1017a41578c6882 -> 
  custom:scripting/monoscript/fileName/LinkedPool.cs: 0cdf409b5aa8d4c25876d72b5c6a3b60 -> 
  custom:scripting/monoscript/fileName/ISynchronousAffordanceStateReceiver.cs: 9c6146f08a55f42513d22353fd71fedc -> 
  custom:scripting/monoscript/fileName/Vector3TweenableVariable.cs: cc95da2d3682b8fe6102773ef6c72379 -> 
  custom:scripting/monoscript/fileName/SimpleAudioFeedback.cs: 69275d5b62254adf2846d3e309176ff6 -> 
  custom:scripting/monoscript/fileName/SimulatedInputLayoutLoader.cs: 3895850963409b8abfbb332bbccc34de -> 
  custom:scripting/monoscript/fileName/XRDeviceSimulatorLoader.cs: 2fc387590d6612896e401fe69bd6698e -> 
  custom:scripting/monoscript/fileName/ARSelectionInteractable.deprecated.cs: cd94b236602d396e939f9e884fa580b4 -> 
  custom:scripting/monoscript/fileName/CurveUtility.cs: 01ae726ba285f25f600b022f52be8a76 -> 
  custom:scripting/monoscript/fileName/IXRBodyTransformation.cs: 7bb5e5faf0df8d218ee3092ab67964f9 -> 
  custom:scripting/monoscript/fileName/RegistrationList.cs: 0cdf409b5aa8d4c25876d72b5c6a3b60 -> 
  custom:scripting/monoscript/fileName/XRInteractorLineVisualEditor.cs: 98bb89e0cb0c747627097281207d58cb -> 
  custom:scripting/monoscript/fileName/XRHelpURLConstants.cs: 7a5beb455c744c93847a166db6e29e55 -> 
  custom:scripting/monoscript/fileName/GradientUtility.cs: 73313c7e03e84e2b6db341a583fb3b56 -> 
  custom:scripting/monoscript/fileName/IXRPokeFilter.cs: 61f6c3fc14b27d84607f59daa21c68dc -> 
  custom:scripting/monoscript/fileName/QuaternionAffordanceReceiver.cs: f43c59723a73dd058ea74da3f970f0ee -> 
  custom:scripting/monoscript/fileName/Vector2AffordanceThemeDatum.cs: c729e294a83befa1d794c55302991d0b -> 
  custom:scripting/monoscript/fileName/XRInputValueReaderPropertyDrawer.cs: 0783f130fa8d614ae4b16fa9b1f6ec9b -> 
  custom:scripting/monoscript/fileName/XRFilterUtility.cs: 8226460e1ada394570fd699b1d8b572a -> 
  custom:scripting/monoscript/fileName/XRTargetFiltersTreeView.cs: a8bfe257778517a1b61130f595a997c2 -> 
  custom:scripting/monoscript/fileName/IXRActivateInteractable.cs: f490d3efbcd6fc6e962ff5c9d4e6b6bd -> 
  custom:scripting/monoscript/fileName/XRBaseInteractorEditor.deprecated.cs: 0cdf409b5aa8d4c25876d72b5c6a3b60 -> 
  custom:scripting/monoscript/fileName/CreateUtils.cs: d6eb62eebc0facd0262f4929f04adaf1 -> b981668764c459e615a9324c0616f22f
  custom:scripting/monoscript/fileName/TeleportationProvider.cs: acae6530e2ac1195bcf850a49d98784d -> 
  custom:scripting/monoscript/fileName/ReadOnlyReorderableList.cs: 90647cc400823b41df847a6cbfc29026 -> 
  custom:scripting/monoscript/fileName/XRInputDeviceInputTrackingStateValueReader.cs: d1e9207e108313deeac629549ef8aa18 -> 
  custom:scripting/monoscript/fileName/HapticImpulseCommandChannelGroup.cs: 97ff05cbc5dbf8935735c5c5a3385c73 -> 
  custom:scripting/monoscript/fileName/XRBaseInteractable.deprecated.cs: 90647cc400823b41df847a6cbfc29026 -> 
  custom:scripting/monoscript/fileName/HandMenu.cs: f5aec5c2bc2defca6d63b84dbaab0a37 -> 
  custom:scripting/monoscript/fileName/FloatTweenableVariable.cs: 59d482573b9d02709bc9395dcc154761 -> 
  custom:scripting/monoscript/fileName/ConstrainedMoveProvider.cs: 551a1082c001accb56ff5d418b1d816f -> 
  custom:scripting/monoscript/fileName/XRInteractionGroupEditor.cs: da6e46cd438785139d2aaa558b278c9d -> 
  custom:scripting/monoscript/fileName/TwoFingerDragGesture.cs: 607e0b851d6132df7b1011f58503d6a1 -> 
  custom:scripting/monoscript/fileName/Gesture.deprecated.cs: 90647cc400823b41df847a6cbfc29026 -> 
  custom:scripting/monoscript/fileName/XRGrabInteractableEditor.deprecated.cs: 0cdf409b5aa8d4c25876d72b5c6a3b60 -> 
  custom:scripting/monoscript/fileName/XRBaseControllerInteractorEditor.cs: 6bec69b3ee1c7b958fa38a8f9a02e7a1 -> 
  custom:scripting/monoscript/fileName/FloatAffordanceThemeDatumPropertyDrawer.cs: ae7db95eecc24a14bcd493b70e203e93 -> 
  custom:scripting/monoscript/fileName/XRRayInteractor.cs: fe1b941dc66a5108b83466fc29d8e557 -> 
  custom:scripting/monoscript/fileName/XRSocketGrabTransformer.cs: 01b82773be4212bebc7bb9162e7b03ac -> 
  custom:scripting/monoscript/fileName/MouseModel.cs: 2ec01fc1524708be161d87ced09f8fd9 -> 
  custom:scripting/monoscript/fileName/ICurveInteractionCaster.cs: 006d8e07ffbc5aebf434591be6009d50 -> 
  custom:scripting/monoscript/fileName/ARPlacementInteractableEditor.deprecated.cs: 8fc9b2109f918704700113fee17b0cd7 -> 
  custom:scripting/precompiled-assembly-types:Unity.XR.Interaction.Toolkit: 4e7397957508fa97a3bce386250eb038 -> 
  custom:scripting/monoscript/fileName/ColorMaterialPropertyAffordanceReceiver.cs: f73f319339a5d136a9142eb8b57189f9 -> 
  custom:scripting/monoscript/fileName/TeleportVolumeDestinationSettings.cs: fa963ea71d32f731a6b2e6c677ddeda2 -> 
  custom:scripting/monoscript/fileName/XRInputDeviceHapticImpulseProvider.cs: ae99f09e99de55efe0c5b2f8d4619ed4 -> 
  custom:scripting/monoscript/fileName/BaseTeleportationInteractable.deprecated.cs: 90647cc400823b41df847a6cbfc29026 -> 
  custom:scripting/monoscript/fileName/XRBaseInteractor.cs: 134184a15ed568bcdcfbcbf9dad9e166 -> 
  custom:scripting/monoscript/fileName/ARRotationInteractableEditor.deprecated.cs: 0b8c2e7e563b410957ce9fd7da06b96d -> 
  custom:scripting/monoscript/fileName/XRBaseInputInteractorEditor.deprecated.cs: 849ed7f5b11c9db237ef61b01c5a5104 -> 
  custom:scripting/monoscript/fileName/InputActionManager.cs: 167b131b81ef251e0f316ffc8d93b793 -> 
  custom:scripting/monoscript/fileName/IXRInteractionOverrideGroup.cs: 50362eca2bd607435f6feb0b7488787f -> 
  custom:scripting/monoscript/fileName/SnapTurnProviderBase.cs: dc2a13b0bb50b32ab22f287a4afa7a7d -> 
  custom:scripting/monoscript/fileName/HandExpressionName.cs: ca6e0274ed8c91cc117104b3a7cee539 -> 
  custom:scripting/monoscript/fileName/InteractionLayerSettingsEditor.cs: f6cc0affb94e42b08693a91465ffe8ff -> 
  custom:scripting/monoscript/fileName/ClimbProvider.cs: 7e5675169905d329a49504cda3459cea -> 
  custom:audio-encoder-webm-vorbis: bf7c407c2cedff20999df2af8eb42d56 -> 
  custom:scripting/monoscript/fileName/XRInteractionEditorUtility.cs: 2ab54db5b629fe0151ff95e955386fc8 -> 
  custom:scripting/monoscript/fileName/SortingHelpers.cs: 3a5d4bab798b0cbdbd5e92efe1f6d977 -> 
  custom:scripting/monoscript/fileName/UnityObjectReferenceCache.cs: 0cdf409b5aa8d4c25876d72b5c6a3b60 -> 
  custom:scripting/monoscript/fileName/IXRScaleValueProvider.cs: 5c7f8868c2e82aae424e4d58f3e94077 -> 
  custom:scripting/monoscript/fileName/MultilinePropertyControl.cs: 77fb6d07a48a01930d8e1ced26407f42 -> 
  custom:scripting/monoscript/fileName/BaseTeleportationInteractable.cs: 7626f0f8372cb267d805a140cdade73c -> 
  custom:scripting/monoscript/fileName/MaterialHelperBase.cs: c5a03ffcc840f5fe80388816e4210849 -> 
  custom:scripting/monoscript/fileName/XRInteractorReticleVisualEditor.cs: 6a97f675b869d5eba1f4c2cd8b5c4df2 -> 
  custom:scripting/monoscript/fileName/XRInteractionManagerEditor.cs: 27c2c0f41d2bce5722ec76e22c8366b4 -> 
  custom:scripting/monoscript/fileName/XRBaseInteractable.cs: 3913538da87e40477215d893efcbe7c4 -> 
  custom:scripting/monoscript/fileName/IXRDropTransformer.cs: 9a651ee93d10d51b179519d3562c3081 -> 
  custom:scripting/monoscript/fileName/BaseAffordanceStateReceiver.cs: 90647cc400823b41df847a6cbfc29026 -> 
  custom:scripting/monoscript/fileName/HelpBoxPopup.cs: c896b7f7789693c74ce9fa49822b4852 -> 
  custom:scripting/monoscript/fileName/ARGestureInteractorEditor.deprecated.cs: 928fec843644c545b7c33c5c882a6d90 -> 
  custom:scripting/monoscript/fileName/ColorGradientLineRendererAffordanceReceiver.cs: f6c60cd428b896c30eb5f3ca4230f364 -> 
  custom:scripting/monoscript/fileName/ITweenJob.cs: 90647cc400823b41df847a6cbfc29026 -> 
  custom:scripting/monoscript/fileName/XRTargetEvaluatorEnabledAttribute.cs: 7f53d7530fead7c3cdab4a7ef834ec0f -> 
  custom:scripting/monoscript/fileName/ActionBasedController.cs: 77c73ad55c7fdaeb82378f5605019855 -> 
  custom:scripting/monoscript/fileName/XRBodyTransformations.cs: dd70f871f32bddbe6909a583f7a7d78a -> 
  custom:scripting/monoscript/fileName/IXRBodyPositionEvaluator.cs: f630e8dabe18adb436814b73200fdeea -> 
  custom:scripting/monoscript/fileName/BaseInteractionEditor.cs: 7e2ab6eabe33a085ced4c9c5a77fc067 -> 
  custom:scripting/monoscript/fileName/GrabMoveProviderEditor.deprecated.cs: 0cdf409b5aa8d4c25876d72b5c6a3b60 -> 
  custom:scripting/monoscript/fileName/IXRCustomReticleProvider.cs: 938fba668973cef9685528253c35a125 -> 
  custom:scripting/monoscript/fileName/ARAnnotationInteractable.deprecated.cs: 22ac61b93cbc157e505675fc0833a424 -> 
  custom:scripting/monoscript/fileName/TwistGesture.cs: e678504190b3c32eb24267be6171b54d -> 
  custom:scripting/monoscript/fileName/XRBaseInteractorEditor.cs: b6aa0e6ef5ba44c4060f10625565b889 -> 
  custom:scripting/monoscript/fileName/IXRHapticImpulseChannelGroup.cs: ee9ceecc6b0e7c527259cfbc9eb8ea8d -> 
  custom:scripting/monoscript/fileName/IXRTargetPriorityInteractor.cs: 6a1e985d9a4d8e30e0b96eb6e3874fd3 -> 
  custom:scripting/monoscript/fileName/ImageColorAffordanceReceiver.cs: 603dee3758540afb7530f2df6d9abea7 -> 
  custom:scripting/monoscript/fileName/ColorAffordanceThemeDatum.cs: b4b3b8220ba7b68a3d27a356838145d7 -> 
  custom:scripting/monoscript/fileName/IXRTargetFilter.cs: 357cdd1f33abf539badf767cd16a240d -> 
  custom:scripting/monoscript/fileName/XRInteractableUtility.cs: 2166c9d829bc108ffe4c50d73b002a48 -> 
  custom:scripting/monoscript/fileName/HandExpressionCapture.cs: 79a65da58c2a526c97c6c089768712fb -> 
  custom:scripting/monoscript/fileName/XRInteractorsTreeView.cs: 166e43a17a5e14f5b5d8df91f1a8f2bb -> 
  custom:scripting/monoscript/fileName/CardinalUtility.cs: 6a22dbb5ac678ef2dc1a53774c3f693f -> 
  custom:scripting/monoscript/fileName/DragGesture.deprecated.cs: 9ee422a60d2a85accaee4f5aab4b91aa -> 
  custom:scripting/monoscript/fileName/DragGestureRecognizer.cs: f5317ef537fead5e7fbd31269598468c -> 
  custom:scripting/monoscript/fileName/UniformTransformScaleAffordanceReceiver.cs: f3107034e239f550854d31e2a7d3cf78 -> 
  custom:scripting/monoscript/fileName/XRDeviceSimulatorSettings.cs: ed11d79f0e7d190a3f3a6746b2261cd7 -> 
  custom:scripting/monoscript/fileName/Gesture.cs: 90647cc400823b41df847a6cbfc29026 -> 
  custom:scripting/monoscript/fileName/XRTintInteractableVisual.cs: 40b810fd206b7f2a85d5d544c1d2145d -> 
  custom:scripting/monoscript/fileName/XRControllerRecording.deprecated.cs: 90647cc400823b41df847a6cbfc29026 -> 
